#-----------------------------------------------------------
# PlanAhead v14.7 (64-bit)
# Build 321239 by xbuild on Fri Sep 27 19:29:51 MDT 2013
# Start of session at: Wed Nov 17 22:33:35 2021
# Process ID: 59972
# Log file: D:/szdl/erjinzhiyouxianji/planAhead_run_1/planAhead.log
# Journal file: D:/szdl/erjinzhiyouxianji/planAhead_run_1/planAhead.jou
#-----------------------------------------------------------
INFO: [Common 17-78] Attempting to get a license: PlanAhead
INFO: [Common 17-290] Got license for PlanAhead
INFO: [Device 21-36] Loading parts and site information from D:/ise/14.7/ISE_DS/PlanAhead/data/parts/arch.xml
Parsing RTL primitives file [D:/ise/14.7/ISE_DS/PlanAhead/data/parts/xilinx/rtl/prims/rtl_prims.xml]
Finished parsing RTL primitives file [D:/ise/14.7/ISE_DS/PlanAhead/data/parts/xilinx/rtl/prims/rtl_prims.xml]
start_gui
source D:/szdl/erjinzhiyouxianji/pa.fromNetlist.tcl
# create_project -name erjinzhiyouxianji -dir "D:/szdl/erjinzhiyouxianji/planAhead_run_1" -part xc7a100tfgg484-2L
# set_property design_mode GateLvl [get_property srcset [current_run -impl]]
# set_property edif_top_file "D:/szdl/erjinzhiyouxianji/erjinzhiyouxianji.ngc" [ get_property srcset [ current_run ] ]
# add_files -norecurse { {D:/szdl/erjinzhiyouxianji} }
# set_param project.pinAheadLayout  yes
# set_property target_constrs_file "erjinzhiyouxianji.ucf" [current_fileset -constrset]
Adding file 'D:/szdl/erjinzhiyouxianji/erjinzhiyouxianji.ucf' to fileset 'constrs_1'
# add_files [list {erjinzhiyouxianji.ucf}] -fileset [get_property constrset [current_run]]
# link_design
Design is defaulting to srcset: sources_1
Design is defaulting to constrset: constrs_1
Design is defaulting to project part: xc7a100tfgg484-2L
Release 14.7 - ngc2edif P.20131013 (nt64)
Copyright (c) 1995-2013 Xilinx, Inc.  All rights reserved.
Reading design erjinzhiyouxianji.ngc ...
WARNING:NetListWriters:298 - No output is written to erjinzhiyouxianji.xncf,
   ignored.
Processing design ...
   Preping design's networks ...
   Preping design's macros ...
  finished :Prep
Writing EDIF netlist file erjinzhiyouxianji.edif ...
ngc2edif: Total memory usage is 4317172 kilobytes

Parsing EDIF File [./planAhead_run_1/erjinzhiyouxianji.data/cache/erjinzhiyouxianji_ngc_zx.edif]
Finished Parsing EDIF File [./planAhead_run_1/erjinzhiyouxianji.data/cache/erjinzhiyouxianji_ngc_zx.edif]
Loading clock regions from D:/ise/14.7/ISE_DS/PlanAhead/data\parts/xilinx/artix7/artix7/xc7a100t/ClockRegion.xml
Loading clock buffers from D:/ise/14.7/ISE_DS/PlanAhead/data\parts/xilinx/artix7/artix7/xc7a100t/ClockBuffers.xml
Loading clock placement rules from D:/ise/14.7/ISE_DS/PlanAhead/data/parts/xilinx/artix7/ClockPlacerRules.xml
Loading package pin functions from D:/ise/14.7/ISE_DS/PlanAhead/data\parts/xilinx/artix7/PinFunctions.xml...
Loading package from D:/ise/14.7/ISE_DS/PlanAhead/data\parts/xilinx/artix7/artix7/xc7a100t/fgg484/Package.xml
Loading io standards from D:/ise/14.7/ISE_DS/PlanAhead/data\./parts/xilinx/artix7/IOStandards.xml
Loading device configuration modes from D:/ise/14.7/ISE_DS/PlanAhead/data\parts/xilinx/artix7/ConfigModes.xml
Loading list of drcs for the architecture : D:/ise/14.7/ISE_DS/PlanAhead/data\./parts/xilinx/artix7/drc.xml
Parsing UCF File [D:/szdl/erjinzhiyouxianji/erjinzhiyouxianji.ucf]
Finished Parsing UCF File [D:/szdl/erjinzhiyouxianji/erjinzhiyouxianji.ucf]
INFO: [Project 1-111] Unisim Transformation Summary:
No Unisim elements were transformed.

Phase 0 | Netlist Checksum: 80de852f
link_design: Time (s): elapsed = 00:00:09 . Memory (MB): peak = 859.961 ; gain = 352.469
set_property iostandard LVCMOS18 [get_ports [list {IN[7]} {IN[6]} {IN[5]} {IN[4]} {IN[3]} {IN[2]} {IN[1]} {IN[0]}]]
set_property iostandard LVCMOS18 [get_ports [list {Y[2]} {Y[1]} {Y[0]}]]
set_property iostandard LVCMOS18 [get_ports [list Done]]
set_property iostandard LVCMOS18 [get_ports [list EN]]
set_property pulltype PULLDOWN [get_ports [list Done]]
set_property pulltype NONE [get_ports [list Done]]
set_property pulltype PULLDOWN [get_ports [list EN]]
set_property pulltype PULLDOWN [get_ports [list {IN[7]} {IN[6]} {IN[5]} {IN[4]} {IN[3]} {IN[2]} {IN[1]} {IN[0]}]]
set_property package_pin "" [get_ports [list  {IN[0]}]]
startgroup
set_property package_pin T3 [get_ports EN]
endgroup
startgroup
set_property package_pin R1 [get_ports Done]
endgroup
set_property package_pin "" [get_ports [list  {IN[0]}]]
startgroup
set_property package_pin W7 [get_ports {IN[7]}]
endgroup
startgroup
set_property package_pin Y8 [get_ports {IN[6]}]
endgroup
startgroup
set_property package_pin Y7 [get_ports {IN[5]}]
endgroup
startgroup
set_property package_pin T1 [get_ports {IN[4]}]
endgroup
startgroup
set_property package_pin U1 [get_ports {IN[3]}]
endgroup
startgroup
set_property package_pin U2 [get_ports {IN[2]}]
endgroup
startgroup
set_property package_pin W1 [get_ports {IN[1]}]
endgroup
startgroup
set_property package_pin W2 [get_ports {IN[0]}]
endgroup
startgroup
set_property package_pin P2 [get_ports {Y[2]}]
endgroup
startgroup
set_property package_pin P1 [get_ports {Y[1]}]
endgroup
startgroup
set_property package_pin N2 [get_ports {Y[0]}]
endgroup
save_constraints
exit
ERROR: [PlanAhead 12-106] *** Exception: ui.h.b: Found deleted key in HTclEventBroker. Verify if the classes listed here call cleanup()
HTclEvent: SIGNAL_MODIFY   Classes: ui.views.aR 
HTclEvent: DEBUG_PORT_CONFIG_CHANGE   Classes: ui.views.aR 
HTclEvent: DEBUG_CORE_CONFIG_CHANGE   Classes: ui.views.aR 
HTclEvent: SIGNAL_BUS_MODIFY   Classes: ui.views.aR 
 (See D:/szdl/erjinzhiyouxianji\planAhead_pid59972.debug)
ERROR: [Common 17-39] 'stop_gui' failed due to earlier errors.
INFO: [Common 17-206] Exiting PlanAhead at Wed Nov 17 22:36:53 2021...
INFO: [Common 17-83] Releasing license: PlanAhead
